2019-03-14 17:33:22,487 INFO     [sleepTillNext10#wait 26]
Waiting for 413 seconds for next timely execution
2019-03-14 17:35:38,857 INFO     [sleepTillNext10#wait 26]
Waiting for 277 seconds for next timely execution
2019-03-14 17:36:32,988 INFO     [sleepTillNext10#wait 26]
Waiting for 223 seconds for next timely execution
2019-03-14 17:40:17,460 INFO     [sharpeFunctions#ExecuteSharpe 31]
                       Close  SharpeRatio    Buy   Sell  Volume
Time                                                           
2019-03-14 16:00:00  1.13260     1.978869  False   True      28
2019-03-14 16:10:00  1.13317     2.745920  False   True      15
2019-03-14 16:20:00  1.13313     2.159105  False   True       8
2019-03-14 16:30:00  1.13271     1.171680  False  False      15
2019-03-14 16:40:00  1.13294     1.469628  False  False      10
2019-03-14 17:40:17,518 INFO     [sharpeFunctions#ExecuteSharpe 31]
                       Close  SharpeRatio    Buy  Sell  Volume
Time                                                          
2019-03-14 16:00:00  111.598     1.104504  False  True      17
2019-03-14 16:10:00  111.636     2.755791  False  True      13
2019-03-14 16:20:00  111.648     2.542496  False  True       5
2019-03-14 16:30:00  111.704     3.099701  False  True      16
2019-03-14 16:40:00  111.690     2.201237  False  True       3
2019-03-14 17:40:17,721 INFO     [sharpeFunctions#ExecuteSharpe 39]

2019-03-14 17:40:17,721 INFO     [sharpeFunctions#ExecuteSharpe 40]
instrument:USD_JPY, tradeFlg:Sell, posiFlg=Short
2019-03-14 17:50:17,139 INFO     [sharpeFunctions#ExecuteSharpe 31]
                       Close  SharpeRatio    Buy  Sell  Volume
Time                                                          
2019-03-14 16:10:00  111.636     2.755791  False  True      13
2019-03-14 16:20:00  111.648     2.542496  False  True       5
2019-03-14 16:30:00  111.704     3.099701  False  True      16
2019-03-14 16:40:00  111.683     2.083725  False  True      20
2019-03-14 16:50:00  111.674     1.628978  False  True       3
2019-03-14 17:50:17,167 INFO     [sharpeFunctions#ExecuteSharpe 31]
                       Close  SharpeRatio    Buy   Sell  Volume
Time                                                           
2019-03-14 16:10:00  1.13317     2.745920  False   True      15
2019-03-14 16:20:00  1.13313     2.159105  False   True       8
2019-03-14 16:30:00  1.13271     1.171680  False  False      15
2019-03-14 16:40:00  1.13299     1.548346  False   True      38
2019-03-14 16:50:00  1.13270     0.930147  False  False       4
2019-03-14 17:50:17,350 INFO     [sharpeFunctions#ExecuteSharpe 39]

2019-03-14 17:50:17,350 INFO     [sharpeFunctions#ExecuteSharpe 40]
instrument:USD_JPY, tradeFlg:Sell, posiFlg=Short
2019-03-14 18:00:17,216 INFO     [sharpeFunctions#ExecuteSharpe 31]
                       Close  SharpeRatio    Buy  Sell  Volume
Time                                                          
2019-03-14 16:20:00  111.648     2.542496  False  True       5
2019-03-14 16:30:00  111.704     3.099701  False  True      16
2019-03-14 16:40:00  111.683     2.083725  False  True      20
2019-03-14 16:50:00  111.688     1.870256  False  True      11
2019-03-14 17:00:00  111.681     1.517718  False  True       3
2019-03-14 18:00:17,242 INFO     [sharpeFunctions#ExecuteSharpe 31]
                       Close  SharpeRatio    Buy   Sell  Volume
Time                                                           
2019-03-14 16:20:00  1.13313     2.159105  False   True       8
2019-03-14 16:30:00  1.13271     1.171680  False  False      15
2019-03-14 16:40:00  1.13299     1.548346  False   True      38
2019-03-14 16:50:00  1.13259     0.744133  False  False      14
2019-03-14 17:00:00  1.13252     0.554767  False  False      13
2019-03-14 18:00:17,413 INFO     [sharpeFunctions#ExecuteSharpe 39]

2019-03-14 18:00:17,413 INFO     [sharpeFunctions#ExecuteSharpe 40]
instrument:USD_JPY, tradeFlg:Sell, posiFlg=Short
2019-03-14 18:10:17,236 INFO     [sharpeFunctions#ExecuteSharpe 31]
                       Close  SharpeRatio    Buy  Sell  Volume
Time                                                          
2019-03-14 16:30:00  111.704     3.099701  False  True      16
2019-03-14 16:40:00  111.683     2.083725  False  True      20
2019-03-14 16:50:00  111.688     1.870256  False  True      11
2019-03-14 17:00:00  111.682     1.534731  False  True      13
2019-03-14 17:10:00  111.684     1.399457  False  True       7
2019-03-14 18:10:17,273 INFO     [sharpeFunctions#ExecuteSharpe 31]
                       Close  SharpeRatio    Buy   Sell  Volume
Time                                                           
2019-03-14 16:30:00  1.13271     1.171680  False  False      15
2019-03-14 16:40:00  1.13299     1.548346  False   True      38
2019-03-14 16:50:00  1.13259     0.744133  False  False      14
2019-03-14 17:00:00  1.13254     0.589477  False  False      30
2019-03-14 17:10:00  1.13182    -0.746474  False  False      26
2019-03-14 18:10:17,438 INFO     [sharpeFunctions#ExecuteSharpe 39]

2019-03-14 18:10:17,438 INFO     [sharpeFunctions#ExecuteSharpe 40]
instrument:USD_JPY, tradeFlg:Sell, posiFlg=Short
2019-03-14 18:21:36,257 INFO     [sleepTillNext10#wait 26]
Waiting for 519 seconds for next timely execution
2019-03-14 18:30:16,619 INFO     [sharpeFunctions#ExecuteSharpe 31]
                       Close  SharpeRatio    Buy   Sell  Volume
Time                                                           
2019-03-14 17:20:00  111.691          NaN  False  False      16
2019-03-14 17:30:00  111.686          NaN  False  False       4
2019-03-14 18:30:16,627 INFO     [sharpeFunctions#ExecuteSharpe 31]
                       Close  SharpeRatio    Buy   Sell  Volume
Time                                                           
2019-03-14 17:20:00  1.13172          NaN  False  False      18
2019-03-14 17:30:00  1.13182          NaN  False  False       8
2019-03-14 18:35:17,416 INFO     [sleepTillNext10#wait 26]
Waiting for 368 seconds for next timely execution
2019-03-14 18:41:26,982 INFO     [sharpeFunctions#ExecuteSharpe 31]
                       Close  SharpeRatio    Buy   Sell  Volume
Time                                                           
2019-03-14 17:40:00  111.688          NaN  False  False      13
2019-03-14 18:41:26,985 INFO     [sharpeFunctions#ExecuteSharpe 31]
                       Close  SharpeRatio    Buy   Sell  Volume
Time                                                           
2019-03-14 17:40:00  1.13166          NaN  False  False      14
2019-03-14 18:51:26,400 INFO     [sharpeFunctions#ExecuteSharpe 31]
                       Close  SharpeRatio    Buy   Sell  Volume
Time                                                           
2019-03-14 17:40:00  111.708          NaN  False  False       3
2019-03-14 17:50:00  111.728          NaN  False  False      16
2019-03-14 18:51:26,447 INFO     [sharpeFunctions#ExecuteSharpe 31]
                       Close  SharpeRatio    Buy   Sell  Volume
Time                                                           
2019-03-14 17:40:00  1.13140          NaN  False  False      11
2019-03-14 17:50:00  1.13145          NaN  False  False      22
2019-03-14 19:01:26,473 INFO     [sharpeFunctions#ExecuteSharpe 31]
                       Close  SharpeRatio    Buy   Sell  Volume
Time                                                           
2019-03-14 17:50:00  111.719          NaN  False  False       5
2019-03-14 18:00:00  111.730          NaN  False  False      12
2019-03-14 19:01:26,496 INFO     [sharpeFunctions#ExecuteSharpe 31]
                       Close  SharpeRatio    Buy   Sell  Volume
Time                                                           
2019-03-14 17:50:00  1.13150          NaN  False  False      16
2019-03-14 18:00:00  1.13116          NaN  False  False      18
2019-03-14 19:11:26,555 INFO     [sharpeFunctions#ExecuteSharpe 31]
                       Close  SharpeRatio    Buy   Sell  Volume
Time                                                           
2019-03-14 18:00:00  111.607          NaN  False  False      26
2019-03-14 18:10:00  111.608          NaN  False  False      21
2019-03-14 19:11:26,583 INFO     [sharpeFunctions#ExecuteSharpe 31]
                       Close  SharpeRatio    Buy   Sell  Volume
Time                                                           
2019-03-14 18:00:00  1.13054          NaN  False  False      33
2019-03-14 18:10:00  1.13086          NaN  False  False      24
2019-03-14 19:21:26,661 INFO     [sharpeFunctions#ExecuteSharpe 31]
                       Close  SharpeRatio    Buy   Sell  Volume
Time                                                           
2019-03-14 18:10:00  111.638          NaN  False  False       9
2019-03-14 18:20:00  111.638          NaN  False  False      25
2019-03-14 19:21:26,689 INFO     [sharpeFunctions#ExecuteSharpe 31]
                       Close  SharpeRatio    Buy   Sell  Volume
Time                                                           
2019-03-14 18:10:00  1.13086          NaN  False  False       6
2019-03-14 18:20:00  1.13078          NaN  False  False      27
2019-03-14 19:31:26,771 INFO     [sharpeFunctions#ExecuteSharpe 31]
                       Close  SharpeRatio    Buy   Sell  Volume
Time                                                           
2019-03-14 18:20:00  1.13094          NaN  False  False       8
2019-03-14 18:30:00  1.13088          NaN  False  False      24
2019-03-14 19:31:26,796 INFO     [sharpeFunctions#ExecuteSharpe 31]
                       Close  SharpeRatio    Buy   Sell  Volume
Time                                                           
2019-03-14 18:20:00  111.618          NaN  False  False      21
2019-03-14 18:30:00  111.586          NaN  False  False      16
2019-03-14 19:41:26,864 INFO     [sharpeFunctions#ExecuteSharpe 31]
                       Close  SharpeRatio    Buy   Sell  Volume
Time                                                           
2019-03-14 18:30:00  1.13070          NaN  False  False      25
2019-03-14 18:40:00  1.13044          NaN  False  False      25
2019-03-14 19:41:26,886 INFO     [sharpeFunctions#ExecuteSharpe 31]
                       Close  SharpeRatio    Buy   Sell  Volume
Time                                                           
2019-03-14 18:30:00  111.594          NaN  False  False      11
2019-03-14 18:40:00  111.632          NaN  False  False       9
2019-03-14 19:51:26,986 INFO     [sharpeFunctions#ExecuteSharpe 31]
                       Close  SharpeRatio    Buy   Sell  Volume
Time                                                           
2019-03-14 18:40:00  111.644          NaN  False  False      16
2019-03-14 18:50:00  111.608          NaN  False  False      13
2019-03-14 19:51:27,009 INFO     [sharpeFunctions#ExecuteSharpe 31]
                       Close  SharpeRatio    Buy   Sell  Volume
Time                                                           
2019-03-14 18:40:00  1.13038          NaN  False  False      27
2019-03-14 18:50:00  1.13066          NaN  False  False      20
2019-03-14 20:01:27,036 INFO     [sharpeFunctions#ExecuteSharpe 31]
                       Close  SharpeRatio    Buy   Sell  Volume
Time                                                           
2019-03-14 18:50:00  111.592          NaN  False  False       9
2019-03-14 19:00:00  111.616          NaN  False  False       9
2019-03-14 20:01:27,086 INFO     [sharpeFunctions#ExecuteSharpe 31]
                       Close  SharpeRatio    Buy   Sell  Volume
Time                                                           
2019-03-14 18:50:00  1.13057          NaN  False  False      14
2019-03-14 19:00:00  1.13068          NaN  False  False      10
2019-03-14 20:11:27,100 INFO     [sharpeFunctions#ExecuteSharpe 31]
                       Close  SharpeRatio    Buy   Sell  Volume
Time                                                           
2019-03-14 19:00:00  111.616          NaN  False  False       6
2019-03-14 19:10:00  111.618          NaN  False  False       6
2019-03-14 20:11:27,142 INFO     [sharpeFunctions#ExecuteSharpe 31]
                       Close  SharpeRatio    Buy   Sell  Volume
Time                                                           
2019-03-14 19:00:00  1.13068          NaN  False  False       4
2019-03-14 19:10:00  1.13101          NaN  False  False      16
2019-03-14 20:21:27,149 INFO     [sharpeFunctions#ExecuteSharpe 31]
                       Close  SharpeRatio    Buy   Sell  Volume
Time                                                           
2019-03-14 19:10:00  1.13101          NaN  False  False      16
2019-03-14 19:20:00  1.13110          NaN  False  False      10
2019-03-14 20:21:27,171 INFO     [sharpeFunctions#ExecuteSharpe 31]
                       Close  SharpeRatio    Buy   Sell  Volume
Time                                                           
2019-03-14 19:10:00  111.618          NaN  False  False       6
2019-03-14 19:20:00  111.575          NaN  False  False      10
2019-03-14 20:31:27,221 INFO     [sharpeFunctions#ExecuteSharpe 31]
                       Close  SharpeRatio    Buy   Sell  Volume
Time                                                           
2019-03-14 19:10:00  1.13106          NaN  False  False       7
2019-03-14 19:20:00  1.13110          NaN  False  False      10
2019-03-14 19:30:00  1.13008          NaN  False  False      43
2019-03-14 20:31:27,270 INFO     [sharpeFunctions#ExecuteSharpe 31]
                       Close  SharpeRatio    Buy   Sell  Volume
Time                                                           
2019-03-14 19:10:00  111.580          NaN  False  False       8
2019-03-14 19:20:00  111.575          NaN  False  False      10
2019-03-14 19:30:00  111.616          NaN  False  False      11
2019-03-14 20:41:27,397 INFO     [sharpeFunctions#ExecuteSharpe 31]
                       Close  SharpeRatio    Buy   Sell  Volume
Time                                                           
2019-03-14 19:20:00  111.598          NaN  False  False      12
2019-03-14 19:30:00  111.616          NaN  False  False      11
2019-03-14 19:40:00  111.614          NaN  False  False      10
2019-03-14 20:41:27,431 INFO     [sharpeFunctions#ExecuteSharpe 31]
                       Close  SharpeRatio    Buy   Sell  Volume
Time                                                           
2019-03-14 19:20:00  1.13056          NaN  False  False       9
2019-03-14 19:30:00  1.13008          NaN  False  False      43
2019-03-14 19:40:00  1.13019          NaN  False  False      12
2019-03-14 20:51:27,417 INFO     [sharpeFunctions#ExecuteSharpe 31]
                       Close  SharpeRatio    Buy   Sell  Volume
Time                                                           
2019-03-14 19:30:00  111.612          NaN  False  False       6
2019-03-14 19:40:00  111.614          NaN  False  False      10
2019-03-14 19:50:00  111.612          NaN  False  False       9
2019-03-14 20:51:27,449 INFO     [sharpeFunctions#ExecuteSharpe 31]
                       Close  SharpeRatio    Buy   Sell  Volume
Time                                                           
2019-03-14 19:30:00  1.13016          NaN  False  False      29
2019-03-14 19:40:00  1.13019          NaN  False  False      12
2019-03-14 19:50:00  1.12970          NaN  False  False      30
2019-03-14 21:01:27,534 INFO     [sharpeFunctions#ExecuteSharpe 31]
                       Close  SharpeRatio    Buy   Sell  Volume
Time                                                           
2019-03-14 19:40:00  111.604          NaN  False  False       6
2019-03-14 19:50:00  111.612          NaN  False  False       9
2019-03-14 20:00:00  111.592          NaN  False  False       6
2019-03-14 21:01:27,562 INFO     [sharpeFunctions#ExecuteSharpe 31]
                       Close  SharpeRatio    Buy   Sell  Volume
Time                                                           
2019-03-14 19:40:00  1.13003          NaN  False  False      26
2019-03-14 19:50:00  1.12970          NaN  False  False      30
2019-03-14 20:00:00  1.13016          NaN  False  False      33
2019-03-14 21:11:27,633 INFO     [sharpeFunctions#ExecuteSharpe 31]
                       Close  SharpeRatio    Buy   Sell  Volume
Time                                                           
2019-03-14 19:50:00  1.12988          NaN  False  False      11
2019-03-14 20:00:00  1.13016          NaN  False  False      33
2019-03-14 20:10:00  1.12998          NaN  False  False      17
2019-03-14 21:11:27,669 INFO     [sharpeFunctions#ExecuteSharpe 31]
                       Close  SharpeRatio    Buy   Sell  Volume
Time                                                           
2019-03-14 19:50:00  111.599          NaN  False  False       4
2019-03-14 20:00:00  111.592          NaN  False  False       6
2019-03-14 20:10:00  111.583          NaN  False  False       8
2019-03-14 21:21:27,719 INFO     [sharpeFunctions#ExecuteSharpe 31]
                       Close  SharpeRatio    Buy   Sell  Volume
Time                                                           
2019-03-14 20:00:00  111.584          NaN  False  False       6
2019-03-14 20:10:00  111.583          NaN  False  False       8
2019-03-14 20:20:00  111.572          NaN  False  False       8
2019-03-14 21:21:27,755 INFO     [sharpeFunctions#ExecuteSharpe 31]
                       Close  SharpeRatio    Buy   Sell  Volume
Time                                                           
2019-03-14 20:00:00  1.13002          NaN  False  False      24
2019-03-14 20:10:00  1.12998          NaN  False  False      17
2019-03-14 20:20:00  1.13010          NaN  False  False      20
2019-03-14 21:31:27,814 INFO     [sharpeFunctions#ExecuteSharpe 31]
                       Close  SharpeRatio    Buy   Sell  Volume
Time                                                           
2019-03-14 20:10:00  111.587          NaN  False  False       6
2019-03-14 20:20:00  111.572          NaN  False  False       8
2019-03-14 20:30:00  111.616          NaN  False  False      31
2019-03-14 21:31:27,837 INFO     [sharpeFunctions#ExecuteSharpe 31]
                       Close  SharpeRatio    Buy   Sell  Volume
Time                                                           
2019-03-14 20:10:00  1.12998          NaN  False  False       5
2019-03-14 20:20:00  1.13010          NaN  False  False      20
2019-03-14 20:30:00  1.13058          NaN  False  False      26
2019-03-14 21:41:27,841 INFO     [sharpeFunctions#ExecuteSharpe 31]
                       Close  SharpeRatio    Buy   Sell  Volume
Time                                                           
2019-03-14 20:20:00  1.13080          NaN  False  False      37
2019-03-14 20:30:00  1.13058          NaN  False  False      26
2019-03-14 20:40:00  1.13066          NaN  False  False      21
2019-03-14 21:41:27,869 INFO     [sharpeFunctions#ExecuteSharpe 31]
                       Close  SharpeRatio    Buy   Sell  Volume
Time                                                           
2019-03-14 20:20:00  111.572          NaN  False  False       8
2019-03-14 20:30:00  111.616          NaN  False  False      31
2019-03-14 20:40:00  111.632          NaN  False  False      21
2019-03-14 21:51:27,969 INFO     [sharpeFunctions#ExecuteSharpe 31]
                       Close  SharpeRatio    Buy   Sell  Volume
Time                                                           
2019-03-14 20:30:00  111.616          NaN  False  False      31
2019-03-14 20:40:00  111.632          NaN  False  False      21
2019-03-14 20:50:00  111.654          NaN  False  False      12
2019-03-14 21:51:28,020 INFO     [sharpeFunctions#ExecuteSharpe 31]
                       Close  SharpeRatio    Buy   Sell  Volume
Time                                                           
2019-03-14 20:30:00  1.13055          NaN  False  False       7
2019-03-14 20:40:00  1.13066          NaN  False  False      21
2019-03-14 20:50:00  1.13063          NaN  False  False      10
2019-03-14 22:01:28,039 INFO     [sharpeFunctions#ExecuteSharpe 31]
                       Close  SharpeRatio    Buy   Sell  Volume
Time                                                           
2019-03-14 20:30:00  111.609          NaN  False  False      11
2019-03-14 20:40:00  111.632          NaN  False  False      21
2019-03-14 20:50:00  111.654          NaN  False  False      12
2019-03-14 21:00:00  111.662          NaN  False  False      20
2019-03-14 22:01:28,069 INFO     [sharpeFunctions#ExecuteSharpe 31]
                       Close  SharpeRatio    Buy   Sell  Volume
Time                                                           
2019-03-14 20:40:00  1.13066          NaN  False  False      21
2019-03-14 20:50:00  1.13063          NaN  False  False      10
2019-03-14 21:00:00  1.12992          NaN  False  False      42
2019-03-14 22:11:28,154 INFO     [sharpeFunctions#ExecuteSharpe 31]
                       Close  SharpeRatio    Buy   Sell  Volume
Time                                                           
2019-03-14 20:40:00  1.13054          NaN  False  False      14
2019-03-14 20:50:00  1.13063          NaN  False  False      10
2019-03-14 21:00:00  1.12992          NaN  False  False      42
2019-03-14 21:10:00  1.12988          NaN  False  False      13
2019-03-14 22:11:28,199 INFO     [sharpeFunctions#ExecuteSharpe 31]
                       Close  SharpeRatio    Buy   Sell  Volume
Time                                                           
2019-03-14 20:40:00  111.650          NaN  False  False      17
2019-03-14 20:50:00  111.654          NaN  False  False      12
2019-03-14 21:00:00  111.662          NaN  False  False      20
2019-03-14 21:10:00  111.646          NaN  False  False      21
2019-03-14 22:21:28,292 INFO     [sharpeFunctions#ExecuteSharpe 31]
                       Close  SharpeRatio    Buy   Sell  Volume
Time                                                           
2019-03-14 20:50:00  1.13031          NaN  False  False      13
2019-03-14 21:00:00  1.12992          NaN  False  False      42
2019-03-14 21:10:00  1.12988          NaN  False  False      13
2019-03-14 21:20:00  1.12954          NaN  False  False      11
2019-03-14 22:21:28,313 INFO     [sharpeFunctions#ExecuteSharpe 31]
                       Close  SharpeRatio    Buy   Sell  Volume
Time                                                           
2019-03-14 20:50:00  111.650          NaN  False  False      13
2019-03-14 21:00:00  111.662          NaN  False  False      20
2019-03-14 21:10:00  111.646          NaN  False  False      21
2019-03-14 21:20:00  111.603          NaN  False  False      11
2019-03-14 22:31:28,338 INFO     [sharpeFunctions#ExecuteSharpe 31]
                       Close  SharpeRatio    Buy   Sell  Volume
Time                                                           
2019-03-14 21:00:00  111.648          NaN  False  False      10
2019-03-14 21:10:00  111.646          NaN  False  False      21
2019-03-14 21:20:00  111.603          NaN  False  False      11
2019-03-14 21:30:00  111.612          NaN  False  False      25
2019-03-14 22:31:28,387 INFO     [sharpeFunctions#ExecuteSharpe 31]
                       Close  SharpeRatio    Buy   Sell  Volume
Time                                                           
2019-03-14 21:00:00  1.13000          NaN  False  False      32
2019-03-14 21:10:00  1.12988          NaN  False  False      13
2019-03-14 21:20:00  1.12954          NaN  False  False      11
2019-03-14 21:30:00  1.12990          NaN  False  False      27
2019-03-14 22:41:28,495 INFO     [sharpeFunctions#ExecuteSharpe 31]
                       Close  SharpeRatio    Buy   Sell  Volume
Time                                                           
2019-03-14 21:10:00  111.614          NaN  False  False      21
2019-03-14 21:20:00  111.603          NaN  False  False      11
2019-03-14 21:30:00  111.612          NaN  False  False      25
2019-03-14 21:40:00  111.596          NaN  False  False      13
2019-03-14 22:41:28,522 INFO     [sharpeFunctions#ExecuteSharpe 31]
                       Close  SharpeRatio    Buy   Sell  Volume
Time                                                           
2019-03-14 21:10:00  1.12980          NaN  False  False      39
2019-03-14 21:20:00  1.12954          NaN  False  False      11
2019-03-14 21:30:00  1.12990          NaN  False  False      27
2019-03-14 21:40:00  1.12985          NaN  False  False      34
2019-03-14 22:51:28,554 INFO     [sharpeFunctions#ExecuteSharpe 31]
                       Close  SharpeRatio    Buy   Sell  Volume
Time                                                           
2019-03-14 21:20:00  1.12962          NaN  False  False      14
2019-03-14 21:30:00  1.12990          NaN  False  False      27
2019-03-14 21:40:00  1.12985          NaN  False  False      34
2019-03-14 21:50:00  1.13024          NaN  False  False      21
2019-03-14 22:51:28,585 INFO     [sharpeFunctions#ExecuteSharpe 31]
                       Close  SharpeRatio    Buy   Sell  Volume
Time                                                           
2019-03-14 21:20:00  111.613          NaN  False  False       8
2019-03-14 21:30:00  111.612          NaN  False  False      25
2019-03-14 21:40:00  111.596          NaN  False  False      13
2019-03-14 21:50:00  111.608          NaN  False  False      10
2019-03-14 23:01:28,558 INFO     [sharpeFunctions#ExecuteSharpe 31]
                       Close  SharpeRatio    Buy   Sell  Volume
Time                                                           
2019-03-14 21:30:00  1.13017          NaN  False  False      25
2019-03-14 21:40:00  1.12985          NaN  False  False      34
2019-03-14 21:50:00  1.13024          NaN  False  False      21
2019-03-14 22:00:00  1.13014          NaN  False  False      38
2019-03-14 23:01:28,577 INFO     [sharpeFunctions#ExecuteSharpe 31]
                       Close  SharpeRatio    Buy   Sell  Volume
Time                                                           
2019-03-14 21:30:00  111.615          NaN  False  False      26
2019-03-14 21:40:00  111.596          NaN  False  False      13
2019-03-14 21:50:00  111.608          NaN  False  False      10
2019-03-14 22:00:00  111.556          NaN  False  False      29
2019-03-14 23:11:28,707 INFO     [sharpeFunctions#ExecuteSharpe 31]
                       Close  SharpeRatio    Buy   Sell  Volume
Time                                                           
2019-03-14 21:40:00  1.13036          NaN  False  False      19
2019-03-14 21:50:00  1.13024          NaN  False  False      21
2019-03-14 22:00:00  1.13014          NaN  False  False      38
2019-03-14 22:10:00  1.13028          NaN  False  False      34
2019-03-14 23:11:28,729 INFO     [sharpeFunctions#ExecuteSharpe 31]
                       Close  SharpeRatio    Buy   Sell  Volume
Time                                                           
2019-03-14 21:40:00  111.596          NaN  False  False       7
2019-03-14 21:50:00  111.608          NaN  False  False      10
2019-03-14 22:00:00  111.556          NaN  False  False      29
2019-03-14 22:10:00  111.548          NaN  False  False      16
2019-03-14 23:21:28,805 INFO     [sharpeFunctions#ExecuteSharpe 31]
                       Close  SharpeRatio    Buy   Sell  Volume
Time                                                           
2019-03-14 21:50:00  1.13014          NaN  False  False      15
2019-03-14 22:00:00  1.13014          NaN  False  False      38
2019-03-14 22:10:00  1.13028          NaN  False  False      34
2019-03-14 22:20:00  1.13008          NaN  False  False      37
2019-03-14 23:21:28,827 INFO     [sharpeFunctions#ExecuteSharpe 31]
                       Close  SharpeRatio    Buy   Sell  Volume
Time                                                           
2019-03-14 21:50:00  111.596          NaN  False  False      12
2019-03-14 22:00:00  111.556          NaN  False  False      29
2019-03-14 22:10:00  111.548          NaN  False  False      16
2019-03-14 22:20:00  111.588          NaN  False  False      22
2019-03-14 23:31:28,909 INFO     [sharpeFunctions#ExecuteSharpe 31]
                       Close  SharpeRatio    Buy   Sell  Volume
Time                                                           
2019-03-14 22:00:00  1.13000          NaN  False  False      28
2019-03-14 22:10:00  1.13028          NaN  False  False      34
2019-03-14 22:20:00  1.13008          NaN  False  False      37
2019-03-14 22:30:00  1.12979          NaN  False  False      50
2019-03-14 23:31:28,939 INFO     [sharpeFunctions#ExecuteSharpe 31]
                       Close  SharpeRatio    Buy   Sell  Volume
Time                                                           
2019-03-14 22:00:00  111.584          NaN  False  False      22
2019-03-14 22:10:00  111.548          NaN  False  False      16
2019-03-14 22:20:00  111.588          NaN  False  False      22
2019-03-14 22:30:00  111.582          NaN  False  False      29
2019-03-14 23:41:29,063 INFO     [sharpeFunctions#ExecuteSharpe 31]
                       Close  SharpeRatio    Buy   Sell  Volume
Time                                                           
2019-03-14 22:10:00  111.548          NaN  False  False      16
2019-03-14 22:20:00  111.588          NaN  False  False      22
2019-03-14 22:30:00  111.582          NaN  False  False      29
2019-03-14 22:40:00  111.628          NaN  False  False      11
2019-03-14 23:41:29,095 INFO     [sharpeFunctions#ExecuteSharpe 31]
                       Close  SharpeRatio    Buy   Sell  Volume
Time                                                           
2019-03-14 22:10:00  1.13028          NaN  False  False      34
2019-03-14 22:20:00  1.13008          NaN  False  False      37
2019-03-14 22:30:00  1.12979          NaN  False  False      50
2019-03-14 22:40:00  1.13044          NaN  False  False      29
2019-03-14 23:51:29,111 INFO     [sharpeFunctions#ExecuteSharpe 31]
                       Close  SharpeRatio    Buy   Sell  Volume
Time                                                           
2019-03-14 22:10:00  1.12978          NaN  False  False      50
2019-03-14 22:20:00  1.13008          NaN  False  False      37
2019-03-14 22:30:00  1.12979          NaN  False  False      50
2019-03-14 22:40:00  1.13044          NaN  False  False      29
2019-03-14 22:50:00  1.13030          NaN  False  False      20
2019-03-14 23:51:29,157 INFO     [sharpeFunctions#ExecuteSharpe 31]
                       Close  SharpeRatio    Buy   Sell  Volume
Time                                                           
2019-03-14 22:10:00  111.578          NaN  False  False      22
2019-03-14 22:20:00  111.588          NaN  False  False      22
2019-03-14 22:30:00  111.582          NaN  False  False      29
2019-03-14 22:40:00  111.628          NaN  False  False      11
2019-03-14 22:50:00  111.614          NaN  False  False       8
2019-03-15 00:01:29,148 INFO     [sharpeFunctions#ExecuteSharpe 31]
                       Close  SharpeRatio    Buy   Sell  Volume
Time                                                           
2019-03-14 22:20:00  1.12994          NaN  False  False      23
2019-03-14 22:30:00  1.12979          NaN  False  False      50
2019-03-14 22:40:00  1.13044          NaN  False  False      29
2019-03-14 22:50:00  1.13030          NaN  False  False      20
2019-03-14 23:00:00  1.13023          NaN  False  False      32
2019-03-15 00:01:29,168 INFO     [sharpeFunctions#ExecuteSharpe 31]
                       Close  SharpeRatio    Buy   Sell  Volume
Time                                                           
2019-03-14 22:20:00  111.602          NaN  False  False       7
2019-03-14 22:30:00  111.582          NaN  False  False      29
2019-03-14 22:40:00  111.628          NaN  False  False      11
2019-03-14 22:50:00  111.614          NaN  False  False       8
2019-03-14 23:00:00  111.592          NaN  False  False      11
2019-03-15 00:11:29,263 INFO     [sharpeFunctions#ExecuteSharpe 31]
                       Close  SharpeRatio    Buy   Sell  Volume
Time                                                           
2019-03-14 22:30:00  1.13024          NaN  False  False      20
2019-03-14 22:40:00  1.13044          NaN  False  False      29
2019-03-14 22:50:00  1.13030          NaN  False  False      20
2019-03-14 23:00:00  1.13023          NaN  False  False      32
2019-03-14 23:10:00  1.12990          NaN  False  False      21
2019-03-15 00:11:29,288 INFO     [sharpeFunctions#ExecuteSharpe 31]
                       Close  SharpeRatio    Buy   Sell  Volume
Time                                                           
2019-03-14 22:30:00  111.616          NaN  False  False      12
2019-03-14 22:40:00  111.628          NaN  False  False      11
2019-03-14 22:50:00  111.614          NaN  False  False       8
2019-03-14 23:00:00  111.592          NaN  False  False      11
2019-03-14 23:10:00  111.628          NaN  False  False      22
2019-03-15 00:21:29,328 INFO     [sharpeFunctions#ExecuteSharpe 31]
                       Close  SharpeRatio    Buy   Sell  Volume
Time                                                           
2019-03-14 22:40:00  111.622          NaN  False  False      12
2019-03-14 22:50:00  111.614          NaN  False  False       8
2019-03-14 23:00:00  111.592          NaN  False  False      11
2019-03-14 23:10:00  111.628          NaN  False  False      22
2019-03-14 23:20:00  111.632          NaN  False  False      14
2019-03-15 00:21:29,341 INFO     [sharpeFunctions#ExecuteSharpe 31]
                       Close  SharpeRatio    Buy   Sell  Volume
Time                                                           
2019-03-14 22:40:00  1.13022          NaN  False  False      23
2019-03-14 22:50:00  1.13030          NaN  False  False      20
2019-03-14 23:00:00  1.13023          NaN  False  False      32
2019-03-14 23:10:00  1.12990          NaN  False  False      21
2019-03-14 23:20:00  1.13052          NaN  False  False      24
2019-03-15 00:31:29,366 INFO     [sharpeFunctions#ExecuteSharpe 31]
                       Close  SharpeRatio    Buy   Sell  Volume
Time                                                           
2019-03-14 22:50:00  1.13018          NaN  False  False      11
2019-03-14 23:00:00  1.13023          NaN  False  False      32
2019-03-14 23:10:00  1.12990          NaN  False  False      21
2019-03-14 23:20:00  1.13052          NaN  False  False      24
2019-03-14 23:30:00  1.13018          NaN  False  False      12
2019-03-15 00:31:29,411 INFO     [sharpeFunctions#ExecuteSharpe 31]
                       Close  SharpeRatio    Buy   Sell  Volume
Time                                                           
2019-03-14 22:50:00  111.608          NaN  False  False       6
2019-03-14 23:00:00  111.592          NaN  False  False      11
2019-03-14 23:10:00  111.628          NaN  False  False      22
2019-03-14 23:20:00  111.632          NaN  False  False      14
2019-03-14 23:30:00  111.642          NaN  False  False       7
2019-03-15 00:41:29,475 INFO     [sharpeFunctions#ExecuteSharpe 31]
                       Close  SharpeRatio    Buy   Sell  Volume
Time                                                           
2019-03-14 23:00:00  111.600          NaN  False  False      17
2019-03-14 23:10:00  111.628          NaN  False  False      22
2019-03-14 23:20:00  111.632          NaN  False  False      14
2019-03-14 23:30:00  111.642          NaN  False  False       7
2019-03-14 23:40:00  111.632          NaN  False  False       4
2019-03-15 00:41:29,723 INFO     [sharpeFunctions#ExecuteSharpe 31]
                       Close  SharpeRatio    Buy   Sell  Volume
Time                                                           
2019-03-14 23:00:00  1.13026          NaN  False  False      23
2019-03-14 23:10:00  1.12990          NaN  False  False      21
2019-03-14 23:20:00  1.13052          NaN  False  False      24
2019-03-14 23:30:00  1.13018          NaN  False  False      12
2019-03-14 23:40:00  1.13032          NaN  False  False      13
2019-03-15 00:51:29,573 INFO     [sharpeFunctions#ExecuteSharpe 31]
                       Close  SharpeRatio    Buy   Sell  Volume
Time                                                           
2019-03-14 23:10:00  111.633          NaN  False  False      10
2019-03-14 23:20:00  111.632          NaN  False  False      14
2019-03-14 23:30:00  111.642          NaN  False  False       7
2019-03-14 23:40:00  111.632          NaN  False  False       4
2019-03-14 23:50:00  111.642          NaN  False  False       8
2019-03-15 00:51:29,597 INFO     [sharpeFunctions#ExecuteSharpe 31]
                       Close  SharpeRatio    Buy   Sell  Volume
Time                                                           
2019-03-14 23:10:00  1.13031          NaN  False  False      17
2019-03-14 23:20:00  1.13052          NaN  False  False      24
2019-03-14 23:30:00  1.13018          NaN  False  False      12
2019-03-14 23:40:00  1.13032          NaN  False  False      13
2019-03-14 23:50:00  1.13085          NaN  False  False      15
2019-03-15 01:01:29,723 INFO     [sharpeFunctions#ExecuteSharpe 31]
                       Close  SharpeRatio    Buy   Sell  Volume
Time                                                           
2019-03-14 23:20:00  1.13029          NaN  False  False      16
2019-03-14 23:30:00  1.13018          NaN  False  False      12
2019-03-14 23:40:00  1.13032          NaN  False  False      13
2019-03-14 23:50:00  1.13085          NaN  False  False      15
2019-03-15 00:00:00  1.13028          NaN  False  False      22
2019-03-15 01:01:29,752 INFO     [sharpeFunctions#ExecuteSharpe 31]
                       Close  SharpeRatio    Buy   Sell  Volume
Time                                                           
2019-03-14 23:20:00  111.632          NaN  False  False      14
2019-03-14 23:30:00  111.642          NaN  False  False       7
2019-03-14 23:40:00  111.632          NaN  False  False       4
2019-03-14 23:50:00  111.642          NaN  False  False       8
2019-03-15 00:00:00  111.713          NaN  False  False      26
2019-03-15 01:11:29,806 INFO     [sharpeFunctions#ExecuteSharpe 31]
                       Close  SharpeRatio    Buy   Sell  Volume
Time                                                           
2019-03-14 23:30:00  1.13021          NaN  False  False      11
2019-03-14 23:40:00  1.13032          NaN  False  False      13
2019-03-14 23:50:00  1.13085          NaN  False  False      15
2019-03-15 00:00:00  1.13028          NaN  False  False      22
2019-03-15 00:10:00  1.12994          NaN  False  False      16
2019-03-15 01:11:30,031 INFO     [sharpeFunctions#ExecuteSharpe 31]
                       Close  SharpeRatio    Buy   Sell  Volume
Time                                                           
2019-03-14 23:30:00  111.642          NaN  False  False       7
2019-03-14 23:40:00  111.632          NaN  False  False       4
2019-03-14 23:50:00  111.642          NaN  False  False       8
2019-03-15 00:00:00  111.713          NaN  False  False      26
2019-03-15 00:10:00  111.828          NaN  False  False      21
2019-03-15 01:21:29,880 INFO     [sharpeFunctions#ExecuteSharpe 31]
                       Close  SharpeRatio    Buy   Sell  Volume
Time                                                           
2019-03-14 23:40:00  111.632          NaN  False  False       4
2019-03-14 23:50:00  111.642          NaN  False  False       8
2019-03-15 00:00:00  111.713          NaN  False  False      26
2019-03-15 00:10:00  111.828          NaN  False  False      21
2019-03-15 00:20:00  111.770          NaN  False  False       6
2019-03-15 01:21:29,915 INFO     [sharpeFunctions#ExecuteSharpe 31]
                       Close  SharpeRatio    Buy   Sell  Volume
Time                                                           
2019-03-14 23:40:00  1.13032          NaN  False  False      13
2019-03-14 23:50:00  1.13085          NaN  False  False      15
2019-03-15 00:00:00  1.13028          NaN  False  False      22
2019-03-15 00:10:00  1.12994          NaN  False  False      16
2019-03-15 00:20:00  1.13018          NaN  False  False      15
2019-03-15 01:31:29,953 INFO     [sharpeFunctions#ExecuteSharpe 31]
                       Close  SharpeRatio    Buy   Sell  Volume
Time                                                           
2019-03-14 23:50:00  1.13085          NaN  False  False      15
2019-03-15 00:00:00  1.13028          NaN  False  False      22
2019-03-15 00:10:00  1.12994          NaN  False  False      16
2019-03-15 00:20:00  1.13018          NaN  False  False      15
2019-03-15 00:30:00  1.13028          NaN  False  False      10
2019-03-15 01:31:29,993 INFO     [sharpeFunctions#ExecuteSharpe 31]
                       Close  SharpeRatio    Buy   Sell  Volume
Time                                                           
2019-03-14 23:50:00  111.642          NaN  False  False       8
2019-03-15 00:00:00  111.713          NaN  False  False      26
2019-03-15 00:10:00  111.828          NaN  False  False      21
2019-03-15 00:20:00  111.770          NaN  False  False       6
2019-03-15 00:30:00  111.782          NaN  False  False      10
2019-03-15 01:41:30,121 INFO     [sharpeFunctions#ExecuteSharpe 31]
                       Close  SharpeRatio    Buy   Sell  Volume
Time                                                           
2019-03-15 00:00:00  1.13028          NaN  False  False      22
2019-03-15 00:10:00  1.12994          NaN  False  False      16
2019-03-15 00:20:00  1.13018          NaN  False  False      15
2019-03-15 00:30:00  1.13028          NaN  False  False      10
2019-03-15 00:40:00  1.12998          NaN  False  False       4
2019-03-15 01:41:30,144 INFO     [sharpeFunctions#ExecuteSharpe 31]
                       Close  SharpeRatio    Buy   Sell  Volume
Time                                                           
2019-03-15 00:00:00  111.713          NaN  False  False      26
2019-03-15 00:10:00  111.828          NaN  False  False      21
2019-03-15 00:20:00  111.770          NaN  False  False       6
2019-03-15 00:30:00  111.782          NaN  False  False      10
2019-03-15 00:40:00  111.794          NaN  False  False       1
2019-03-15 01:51:30,185 INFO     [sharpeFunctions#ExecuteSharpe 31]
                       Close  SharpeRatio    Buy   Sell  Volume
Time                                                           
2019-03-15 00:10:00  1.12994          NaN  False  False      16
2019-03-15 00:20:00  1.13018          NaN  False  False      15
2019-03-15 00:30:00  1.13028          NaN  False  False      10
2019-03-15 00:40:00  1.12998          NaN  False  False       4
2019-03-15 00:50:00  1.13009          NaN  False  False       7
2019-03-15 01:51:30,228 INFO     [sharpeFunctions#ExecuteSharpe 31]
                       Close  SharpeRatio    Buy   Sell  Volume
Time                                                           
2019-03-15 00:10:00  111.828          NaN  False  False      21
2019-03-15 00:20:00  111.770          NaN  False  False       6
2019-03-15 00:30:00  111.782          NaN  False  False      10
2019-03-15 00:40:00  111.794          NaN  False  False       1
2019-03-15 00:50:00  111.758          NaN  False  False       3
2019-03-15 02:01:30,297 INFO     [sharpeFunctions#ExecuteSharpe 31]
                       Close  SharpeRatio    Buy   Sell  Volume
Time                                                           
2019-03-15 00:20:00  111.770          NaN  False  False       6
2019-03-15 00:30:00  111.782          NaN  False  False      10
2019-03-15 00:40:00  111.794          NaN  False  False       1
2019-03-15 00:50:00  111.758          NaN  False  False       3
2019-03-15 01:00:00  111.732          NaN  False  False       4
2019-03-15 02:01:30,321 INFO     [sharpeFunctions#ExecuteSharpe 31]
                       Close  SharpeRatio    Buy   Sell  Volume
Time                                                           
2019-03-15 00:20:00  1.13018          NaN  False  False      15
2019-03-15 00:30:00  1.13028          NaN  False  False      10
2019-03-15 00:40:00  1.12998          NaN  False  False       4
2019-03-15 00:50:00  1.13009          NaN  False  False       7
2019-03-15 01:00:00  1.12988          NaN  False  False       8
2019-03-15 02:11:30,316 INFO     [sharpeFunctions#ExecuteSharpe 31]
                       Close  SharpeRatio    Buy   Sell  Volume
Time                                                           
2019-03-15 00:30:00  1.13028          NaN  False  False      10
2019-03-15 00:40:00  1.12998          NaN  False  False       4
2019-03-15 00:50:00  1.13009          NaN  False  False       7
2019-03-15 01:00:00  1.12988          NaN  False  False       8
2019-03-15 01:10:00  1.13008          NaN  False  False      14
2019-03-15 02:11:30,360 INFO     [sharpeFunctions#ExecuteSharpe 31]
                       Close  SharpeRatio    Buy   Sell  Volume
Time                                                           
2019-03-15 00:30:00  111.782          NaN  False  False      10
2019-03-15 00:40:00  111.794          NaN  False  False       1
2019-03-15 00:50:00  111.758          NaN  False  False       3
2019-03-15 01:00:00  111.732          NaN  False  False       4
2019-03-15 01:10:00  111.712          NaN  False  False      11
2019-03-15 02:21:30,406 INFO     [sharpeFunctions#ExecuteSharpe 31]
                       Close  SharpeRatio    Buy   Sell  Volume
Time                                                           
2019-03-15 00:40:00  1.12998          NaN  False  False       4
2019-03-15 00:50:00  1.13009          NaN  False  False       7
2019-03-15 01:00:00  1.12988          NaN  False  False       8
2019-03-15 01:10:00  1.13008          NaN  False  False      14
2019-03-15 01:20:00  1.13003          NaN  False  False      10
2019-03-15 02:21:30,435 INFO     [sharpeFunctions#ExecuteSharpe 31]
                       Close  SharpeRatio    Buy   Sell  Volume
Time                                                           
2019-03-15 00:40:00  111.794          NaN  False  False       1
2019-03-15 00:50:00  111.758          NaN  False  False       3
2019-03-15 01:00:00  111.732          NaN  False  False       4
2019-03-15 01:10:00  111.712          NaN  False  False      11
2019-03-15 01:20:00  111.712          NaN  False  False       5
2019-03-15 02:31:30,441 INFO     [sharpeFunctions#ExecuteSharpe 31]
                       Close  SharpeRatio    Buy   Sell  Volume
Time                                                           
2019-03-15 00:50:00  1.13009          NaN  False  False       7
2019-03-15 01:00:00  1.12988          NaN  False  False       8
2019-03-15 01:10:00  1.13008          NaN  False  False      14
2019-03-15 01:20:00  1.13003          NaN  False  False      10
2019-03-15 01:30:00  1.12978          NaN  False  False       3
2019-03-15 02:31:30,479 INFO     [sharpeFunctions#ExecuteSharpe 31]
                       Close  SharpeRatio    Buy   Sell  Volume
Time                                                           
2019-03-15 00:50:00  111.758          NaN  False  False       3
2019-03-15 01:00:00  111.732          NaN  False  False       4
2019-03-15 01:10:00  111.712          NaN  False  False      11
2019-03-15 01:20:00  111.712          NaN  False  False       5
2019-03-15 01:30:00  111.718          NaN  False  False       3
2019-03-15 02:41:30,708 INFO     [sharpeFunctions#ExecuteSharpe 31]
                       Close  SharpeRatio    Buy   Sell  Volume
Time                                                           
2019-03-15 01:00:00  111.732          NaN  False  False       4
2019-03-15 01:10:00  111.712          NaN  False  False      11
2019-03-15 01:20:00  111.712          NaN  False  False       5
2019-03-15 01:30:00  111.718          NaN  False  False       3
2019-03-15 01:40:00  111.725          NaN  False  False       1
2019-03-15 02:41:30,748 INFO     [sharpeFunctions#ExecuteSharpe 31]
                       Close  SharpeRatio    Buy   Sell  Volume
Time                                                           
2019-03-15 01:00:00  1.12988          NaN  False  False       8
2019-03-15 01:10:00  1.13008          NaN  False  False      14
2019-03-15 01:20:00  1.13003          NaN  False  False      10
2019-03-15 01:30:00  1.12978          NaN  False  False       3
2019-03-15 01:40:00  1.12996          NaN  False  False       9
2019-03-15 02:51:30,718 INFO     [sharpeFunctions#ExecuteSharpe 31]
                       Close  SharpeRatio    Buy   Sell  Volume
Time                                                           
2019-03-15 01:10:00  111.712          NaN  False  False      11
2019-03-15 01:20:00  111.712          NaN  False  False       5
2019-03-15 01:30:00  111.718          NaN  False  False       3
2019-03-15 01:40:00  111.725          NaN  False  False       1
2019-03-15 01:50:00  111.712          NaN  False  False       2
2019-03-15 02:51:30,757 INFO     [sharpeFunctions#ExecuteSharpe 31]
                       Close  SharpeRatio    Buy   Sell  Volume
Time                                                           
2019-03-15 01:10:00  1.13008          NaN  False  False      14
2019-03-15 01:20:00  1.13003          NaN  False  False      10
2019-03-15 01:30:00  1.12978          NaN  False  False       3
2019-03-15 01:40:00  1.12996          NaN  False  False       9
2019-03-15 01:50:00  1.13038          NaN  False  False       1
2019-03-15 03:01:30,901 INFO     [sharpeFunctions#ExecuteSharpe 31]
                       Close  SharpeRatio    Buy   Sell  Volume
Time                                                           
2019-03-15 01:20:00  111.712          NaN  False  False       5
2019-03-15 01:30:00  111.718          NaN  False  False       3
2019-03-15 01:40:00  111.725          NaN  False  False       1
2019-03-15 01:50:00  111.712          NaN  False  False       2
2019-03-15 02:00:00  111.721          NaN  False  False      12
2019-03-15 03:01:30,923 INFO     [sharpeFunctions#ExecuteSharpe 31]
                       Close  SharpeRatio    Buy   Sell  Volume
Time                                                           
2019-03-15 01:20:00  1.13003          NaN  False  False      10
2019-03-15 01:30:00  1.12978          NaN  False  False       3
2019-03-15 01:40:00  1.12996          NaN  False  False       9
2019-03-15 01:50:00  1.13038          NaN  False  False       1
2019-03-15 02:00:00  1.13006          NaN  False  False      12
2019-03-15 03:11:30,900 INFO     [sharpeFunctions#ExecuteSharpe 31]
                       Close  SharpeRatio    Buy   Sell  Volume
Time                                                           
2019-03-15 01:30:00  1.12978          NaN  False  False       3
2019-03-15 01:40:00  1.12996          NaN  False  False       9
2019-03-15 01:50:00  1.13038          NaN  False  False       1
2019-03-15 02:00:00  1.13006          NaN  False  False      12
2019-03-15 02:10:00  1.13013          NaN  False  False       2
2019-03-15 03:11:30,940 INFO     [sharpeFunctions#ExecuteSharpe 31]
                       Close  SharpeRatio    Buy   Sell  Volume
Time                                                           
2019-03-15 01:30:00  111.718          NaN  False  False       3
2019-03-15 01:40:00  111.725          NaN  False  False       1
2019-03-15 01:50:00  111.712          NaN  False  False       2
2019-03-15 02:00:00  111.721          NaN  False  False      12
2019-03-15 02:10:00  111.706          NaN  False  False      16
2019-03-15 03:21:31,104 INFO     [sharpeFunctions#ExecuteSharpe 31]
                       Close  SharpeRatio    Buy   Sell  Volume
Time                                                           
2019-03-15 01:40:00  111.725          NaN  False  False       1
2019-03-15 01:50:00  111.712          NaN  False  False       2
2019-03-15 02:00:00  111.721          NaN  False  False      12
2019-03-15 02:10:00  111.706          NaN  False  False      16
2019-03-15 02:20:00  111.722          NaN  False  False      16
2019-03-15 03:21:31,148 INFO     [sharpeFunctions#ExecuteSharpe 31]
                       Close  SharpeRatio    Buy   Sell  Volume
Time                                                           
2019-03-15 01:40:00  1.12996          NaN  False  False       9
2019-03-15 01:50:00  1.13038          NaN  False  False       1
2019-03-15 02:00:00  1.13006          NaN  False  False      12
2019-03-15 02:10:00  1.13013          NaN  False  False       2
2019-03-15 02:20:00  1.13035          NaN  False  False       8
2019-03-15 03:31:31,174 INFO     [sharpeFunctions#ExecuteSharpe 31]
                       Close  SharpeRatio    Buy   Sell  Volume
Time                                                           
2019-03-15 01:50:00  111.712          NaN  False  False       2
2019-03-15 02:00:00  111.721          NaN  False  False      12
2019-03-15 02:10:00  111.706          NaN  False  False      16
2019-03-15 02:20:00  111.722          NaN  False  False      16
2019-03-15 02:30:00  111.722          NaN  False  False      12
2019-03-15 03:31:31,196 INFO     [sharpeFunctions#ExecuteSharpe 31]
                       Close  SharpeRatio    Buy   Sell  Volume
Time                                                           
2019-03-15 01:50:00  1.13038          NaN  False  False       1
2019-03-15 02:00:00  1.13006          NaN  False  False      12
2019-03-15 02:10:00  1.13013          NaN  False  False       2
2019-03-15 02:20:00  1.13035          NaN  False  False       8
2019-03-15 02:30:00  1.13026          NaN  False  False      37
2019-03-15 03:41:31,137 INFO     [sharpeFunctions#ExecuteSharpe 31]
                       Close  SharpeRatio    Buy   Sell  Volume
Time                                                           
2019-03-15 02:00:00  111.721          NaN  False  False      12
2019-03-15 02:10:00  111.706          NaN  False  False      16
2019-03-15 02:20:00  111.722          NaN  False  False      16
2019-03-15 02:30:00  111.722          NaN  False  False      12
2019-03-15 02:40:00  111.692          NaN  False  False      12
2019-03-15 03:41:31,172 INFO     [sharpeFunctions#ExecuteSharpe 31]
                       Close  SharpeRatio    Buy   Sell  Volume
Time                                                           
2019-03-15 02:00:00  1.13006          NaN  False  False      12
2019-03-15 02:10:00  1.13013          NaN  False  False       2
2019-03-15 02:20:00  1.13035          NaN  False  False       8
2019-03-15 02:30:00  1.13026          NaN  False  False      37
2019-03-15 02:40:00  1.12993          NaN  False  False      12
2019-03-15 03:51:31,218 INFO     [sharpeFunctions#ExecuteSharpe 31]
                       Close  SharpeRatio    Buy   Sell  Volume
Time                                                           
2019-03-15 02:10:00  111.706          NaN  False  False      16
2019-03-15 02:20:00  111.722          NaN  False  False      16
2019-03-15 02:30:00  111.722          NaN  False  False      12
2019-03-15 02:40:00  111.692          NaN  False  False      12
2019-03-15 02:50:00  111.710          NaN  False  False       8
2019-03-15 03:51:31,249 INFO     [sharpeFunctions#ExecuteSharpe 31]
                       Close  SharpeRatio    Buy   Sell  Volume
Time                                                           
2019-03-15 02:10:00  1.13013          NaN  False  False       2
2019-03-15 02:20:00  1.13035          NaN  False  False       8
2019-03-15 02:30:00  1.13026          NaN  False  False      37
2019-03-15 02:40:00  1.12993          NaN  False  False      12
2019-03-15 02:50:00  1.13008          NaN  False  False      17
2019-03-15 04:01:30,616 INFO     [sharpeFunctions#ExecuteSharpe 31]
                       Close  SharpeRatio    Buy   Sell  Volume
Time                                                           
2019-03-15 02:20:00  1.13035          NaN  False  False       8
2019-03-15 02:30:00  1.13026          NaN  False  False      37
2019-03-15 02:40:00  1.12993          NaN  False  False      12
2019-03-15 02:50:00  1.13008          NaN  False  False      17
2019-03-15 03:00:00  1.13000          NaN  False  False      14
2019-03-15 04:01:30,640 INFO     [sharpeFunctions#ExecuteSharpe 31]
                       Close  SharpeRatio    Buy   Sell  Volume
Time                                                           
2019-03-15 02:20:00  111.722          NaN  False  False      16
2019-03-15 02:30:00  111.722          NaN  False  False      12
2019-03-15 02:40:00  111.692          NaN  False  False      12
2019-03-15 02:50:00  111.710          NaN  False  False       8
2019-03-15 03:00:00  111.750          NaN  False  False      14
2019-03-15 04:11:30,627 INFO     [sharpeFunctions#ExecuteSharpe 31]
                       Close  SharpeRatio    Buy   Sell  Volume
Time                                                           
2019-03-15 02:30:00  1.13026          NaN  False  False      37
2019-03-15 02:40:00  1.12993          NaN  False  False      12
2019-03-15 02:50:00  1.13008          NaN  False  False      17
2019-03-15 03:00:00  1.13000          NaN  False  False      14
2019-03-15 03:10:00  1.13016          NaN  False  False       9
2019-03-15 04:11:30,663 INFO     [sharpeFunctions#ExecuteSharpe 31]
                       Close  SharpeRatio    Buy   Sell  Volume
Time                                                           
2019-03-15 02:30:00  111.722          NaN  False  False      12
2019-03-15 02:40:00  111.692          NaN  False  False      12
2019-03-15 02:50:00  111.710          NaN  False  False       8
2019-03-15 03:00:00  111.750          NaN  False  False      14
2019-03-15 03:10:00  111.737          NaN  False  False       2
2019-03-15 04:21:30,630 INFO     [sharpeFunctions#ExecuteSharpe 31]
                       Close  SharpeRatio    Buy   Sell  Volume
Time                                                           
2019-03-15 02:40:00  1.12993          NaN  False  False      12
2019-03-15 02:50:00  1.13008          NaN  False  False      17
2019-03-15 03:00:00  1.13000          NaN  False  False      14
2019-03-15 03:10:00  1.13016          NaN  False  False       9
2019-03-15 03:20:00  1.13016          NaN  False  False       5
2019-03-15 04:21:30,674 INFO     [sharpeFunctions#ExecuteSharpe 31]
                       Close  SharpeRatio    Buy   Sell  Volume
Time                                                           
2019-03-15 02:40:00  111.692          NaN  False  False      12
2019-03-15 02:50:00  111.710          NaN  False  False       8
2019-03-15 03:00:00  111.750          NaN  False  False      14
2019-03-15 03:10:00  111.737          NaN  False  False       2
2019-03-15 03:20:00  111.730          NaN  False  False       7
2019-03-15 04:31:30,652 INFO     [sharpeFunctions#ExecuteSharpe 31]
                       Close  SharpeRatio    Buy   Sell  Volume
Time                                                           
2019-03-15 02:50:00  111.710          NaN  False  False       8
2019-03-15 03:00:00  111.750          NaN  False  False      14
2019-03-15 03:10:00  111.737          NaN  False  False       2
2019-03-15 03:20:00  111.730          NaN  False  False       7
2019-03-15 03:30:00  111.727          NaN  False  False       4
2019-03-15 04:31:30,694 INFO     [sharpeFunctions#ExecuteSharpe 31]
                       Close  SharpeRatio    Buy   Sell  Volume
Time                                                           
2019-03-15 02:50:00  1.13008          NaN  False  False      17
2019-03-15 03:00:00  1.13000          NaN  False  False      14
2019-03-15 03:10:00  1.13016          NaN  False  False       9
2019-03-15 03:20:00  1.13016          NaN  False  False       5
2019-03-15 03:30:00  1.13026          NaN  False  False       9
2019-03-15 04:41:30,808 INFO     [sharpeFunctions#ExecuteSharpe 31]
                       Close  SharpeRatio    Buy   Sell  Volume
Time                                                           
2019-03-15 03:00:00  111.750          NaN  False  False      14
2019-03-15 03:10:00  111.737          NaN  False  False       2
2019-03-15 03:20:00  111.730          NaN  False  False       7
2019-03-15 03:30:00  111.727          NaN  False  False       4
2019-03-15 03:40:00  111.739          NaN  False  False       3
2019-03-15 04:41:30,830 INFO     [sharpeFunctions#ExecuteSharpe 31]
                       Close  SharpeRatio    Buy   Sell  Volume
Time                                                           
2019-03-15 03:00:00  1.13000          NaN  False  False      14
2019-03-15 03:10:00  1.13016          NaN  False  False       9
2019-03-15 03:20:00  1.13016          NaN  False  False       5
2019-03-15 03:30:00  1.13026          NaN  False  False       9
2019-03-15 03:40:00  1.13014          NaN  False  False       3
2019-03-15 04:51:30,877 INFO     [sharpeFunctions#ExecuteSharpe 31]
                       Close  SharpeRatio    Buy   Sell  Volume
Time                                                           
2019-03-15 03:10:00  1.13016          NaN  False  False       9
2019-03-15 03:20:00  1.13016          NaN  False  False       5
2019-03-15 03:30:00  1.13026          NaN  False  False       9
2019-03-15 03:40:00  1.13014          NaN  False  False       3
2019-03-15 03:50:00  1.13027          NaN  False  False      14
2019-03-15 04:51:30,900 INFO     [sharpeFunctions#ExecuteSharpe 31]
                       Close  SharpeRatio    Buy   Sell  Volume
Time                                                           
2019-03-15 03:10:00  111.737          NaN  False  False       2
2019-03-15 03:20:00  111.730          NaN  False  False       7
2019-03-15 03:30:00  111.727          NaN  False  False       4
2019-03-15 03:40:00  111.739          NaN  False  False       3
2019-03-15 03:50:00  111.714          NaN  False  False       2
2019-03-15 05:01:30,907 INFO     [sharpeFunctions#ExecuteSharpe 31]
                       Close  SharpeRatio    Buy   Sell  Volume
Time                                                           
2019-03-15 03:20:00  111.730          NaN  False  False       7
2019-03-15 03:30:00  111.727          NaN  False  False       4
2019-03-15 03:40:00  111.739          NaN  False  False       3
2019-03-15 03:50:00  111.714          NaN  False  False       2
2019-03-15 04:00:00  111.695          NaN  False  False       7
2019-03-15 05:01:30,937 INFO     [sharpeFunctions#ExecuteSharpe 31]
                       Close  SharpeRatio    Buy   Sell  Volume
Time                                                           
2019-03-15 03:20:00  1.13016          NaN  False  False       5
2019-03-15 03:30:00  1.13026          NaN  False  False       9
2019-03-15 03:40:00  1.13014          NaN  False  False       3
2019-03-15 03:50:00  1.13027          NaN  False  False      14
2019-03-15 04:00:00  1.13024          NaN  False  False       8
2019-03-15 05:11:30,898 INFO     [sharpeFunctions#ExecuteSharpe 31]
                       Close  SharpeRatio    Buy   Sell  Volume
Time                                                           
2019-03-15 03:20:00  111.730          NaN  False  False       7
2019-03-15 03:30:00  111.727          NaN  False  False       4
2019-03-15 03:40:00  111.739          NaN  False  False       3
2019-03-15 03:50:00  111.714          NaN  False  False       2
2019-03-15 04:00:00  111.695          NaN  False  False       7
2019-03-15 05:11:30,998 INFO     [sharpeFunctions#ExecuteSharpe 31]
                       Close  SharpeRatio    Buy   Sell  Volume
Time                                                           
2019-03-15 03:30:00  1.13026          NaN  False  False       9
2019-03-15 03:40:00  1.13014          NaN  False  False       3
2019-03-15 03:50:00  1.13027          NaN  False  False      14
2019-03-15 04:00:00  1.13024          NaN  False  False       8
2019-03-15 04:10:00  1.13014          NaN  False  False       1
2019-03-15 05:21:31,030 INFO     [sharpeFunctions#ExecuteSharpe 31]
                       Close  SharpeRatio    Buy   Sell  Volume
Time                                                           
2019-03-15 03:40:00  111.739          NaN  False  False       3
2019-03-15 03:50:00  111.714          NaN  False  False       2
2019-03-15 04:00:00  111.695          NaN  False  False       7
2019-03-15 04:10:00  111.697          NaN  False  False       1
2019-03-15 04:20:00  111.692          NaN  False  False       1
2019-03-15 05:21:31,051 INFO     [sharpeFunctions#ExecuteSharpe 31]
                       Close  SharpeRatio    Buy   Sell  Volume
Time                                                           
2019-03-15 03:40:00  1.13014          NaN  False  False       3
2019-03-15 03:50:00  1.13027          NaN  False  False      14
2019-03-15 04:00:00  1.13024          NaN  False  False       8
2019-03-15 04:10:00  1.13014          NaN  False  False       1
2019-03-15 04:20:00  1.13014          NaN  False  False       4
2019-03-15 05:31:31,135 INFO     [sharpeFunctions#ExecuteSharpe 31]
                       Close  SharpeRatio    Buy   Sell  Volume
Time                                                           
2019-03-15 03:40:00  111.739          NaN  False  False       3
2019-03-15 03:50:00  111.714          NaN  False  False       2
2019-03-15 04:00:00  111.695          NaN  False  False       7
2019-03-15 04:10:00  111.697          NaN  False  False       1
2019-03-15 04:20:00  111.694          NaN  False  False       2
2019-03-15 05:31:31,165 INFO     [sharpeFunctions#ExecuteSharpe 31]
                       Close  SharpeRatio    Buy   Sell  Volume
Time                                                           
2019-03-15 03:50:00  1.13027          NaN  False  False      14
2019-03-15 04:00:00  1.13024          NaN  False  False       8
2019-03-15 04:10:00  1.13014          NaN  False  False       1
2019-03-15 04:20:00  1.13014          NaN  False  False       4
2019-03-15 04:30:00  1.13020          NaN  False  False       2
2019-03-15 05:41:31,218 INFO     [sharpeFunctions#ExecuteSharpe 31]
                       Close  SharpeRatio    Buy   Sell  Volume
Time                                                           
2019-03-15 04:00:00  111.695          NaN  False  False       7
2019-03-15 04:10:00  111.697          NaN  False  False       1
2019-03-15 04:20:00  111.694          NaN  False  False       2
2019-03-15 04:30:00  111.698          NaN  False  False       1
2019-03-15 04:40:00  111.699          NaN  False  False       2
2019-03-15 05:41:31,246 INFO     [sharpeFunctions#ExecuteSharpe 31]
                       Close  SharpeRatio    Buy   Sell  Volume
Time                                                           
2019-03-15 04:00:00  1.13024          NaN  False  False       8
2019-03-15 04:10:00  1.13014          NaN  False  False       1
2019-03-15 04:20:00  1.13014          NaN  False  False       4
2019-03-15 04:30:00  1.13020          NaN  False  False       2
2019-03-15 04:40:00  1.13018          NaN  False  False       3
2019-03-15 05:51:31,305 INFO     [sharpeFunctions#ExecuteSharpe 31]
                       Close  SharpeRatio    Buy   Sell  Volume
Time                                                           
2019-03-15 04:10:00  1.13014          NaN  False  False       1
2019-03-15 04:20:00  1.13014          NaN  False  False       4
2019-03-15 04:30:00  1.13020          NaN  False  False       2
2019-03-15 04:40:00  1.13018          NaN  False  False       3
2019-03-15 04:50:00  1.13047          NaN  False  False       5
2019-03-15 05:51:31,339 INFO     [sharpeFunctions#ExecuteSharpe 31]
                       Close  SharpeRatio    Buy   Sell  Volume
Time                                                           
2019-03-15 04:10:00  111.697          NaN  False  False       1
2019-03-15 04:20:00  111.694          NaN  False  False       2
2019-03-15 04:30:00  111.698          NaN  False  False       1
2019-03-15 04:40:00  111.699          NaN  False  False       2
2019-03-15 04:50:00  111.694          NaN  False  False       5
2019-03-15 06:01:31,414 INFO     [sharpeFunctions#ExecuteSharpe 31]
                       Close  SharpeRatio    Buy   Sell  Volume
Time                                                           
2019-03-15 04:10:00  1.13014          NaN  False  False       1
2019-03-15 04:20:00  1.13014          NaN  False  False       4
2019-03-15 04:30:00  1.13020          NaN  False  False       2
2019-03-15 04:40:00  1.13018          NaN  False  False       3
2019-03-15 04:50:00  1.13047          NaN  False  False       5
2019-03-15 06:01:31,449 INFO     [sharpeFunctions#ExecuteSharpe 31]
                       Close  SharpeRatio    Buy   Sell  Volume
Time                                                           
2019-03-15 04:10:00  111.697          NaN  False  False       1
2019-03-15 04:20:00  111.694          NaN  False  False       2
2019-03-15 04:30:00  111.698          NaN  False  False       1
2019-03-15 04:40:00  111.699          NaN  False  False       2
2019-03-15 04:50:00  111.694          NaN  False  False       5
2019-03-15 06:11:31,512 INFO     [sharpeFunctions#ExecuteSharpe 31]
                       Close  SharpeRatio    Buy   Sell  Volume
Time                                                           
2019-03-15 04:30:00  111.698          NaN  False  False       1
2019-03-15 04:40:00  111.699          NaN  False  False       2
2019-03-15 04:50:00  111.694          NaN  False  False       5
2019-03-15 05:00:00  111.700          NaN  False  False       1
2019-03-15 05:10:00  111.662          NaN  False  False       5
2019-03-15 06:11:31,557 INFO     [sharpeFunctions#ExecuteSharpe 31]
                       Close  SharpeRatio    Buy   Sell  Volume
Time                                                           
2019-03-15 04:30:00  1.13020          NaN  False  False       2
2019-03-15 04:40:00  1.13018          NaN  False  False       3
2019-03-15 04:50:00  1.13047          NaN  False  False       5
2019-03-15 05:00:00  1.13032          NaN  False  False       1
2019-03-15 05:10:00  1.13018          NaN  False  False       1
2019-03-15 06:21:31,638 INFO     [sharpeFunctions#ExecuteSharpe 31]
                       Close  SharpeRatio    Buy   Sell  Volume
Time                                                           
2019-03-15 04:40:00  111.699          NaN  False  False       2
2019-03-15 04:50:00  111.694          NaN  False  False       5
2019-03-15 05:00:00  111.700          NaN  False  False       1
2019-03-15 05:10:00  111.662          NaN  False  False       5
2019-03-15 05:20:00  111.666          NaN  False  False       2
2019-03-15 06:21:31,664 INFO     [sharpeFunctions#ExecuteSharpe 31]
                       Close  SharpeRatio    Buy   Sell  Volume
Time                                                           
2019-03-15 04:40:00  1.13018          NaN  False  False       3
2019-03-15 04:50:00  1.13047          NaN  False  False       5
2019-03-15 05:00:00  1.13032          NaN  False  False       1
2019-03-15 05:10:00  1.13018          NaN  False  False       1
2019-03-15 05:20:00  1.13016          NaN  False  False       2
2019-03-15 06:31:31,692 INFO     [sharpeFunctions#ExecuteSharpe 31]
                       Close  SharpeRatio    Buy   Sell  Volume
Time                                                           
2019-03-15 04:50:00  111.694          NaN  False  False       5
2019-03-15 05:00:00  111.700          NaN  False  False       1
2019-03-15 05:10:00  111.662          NaN  False  False       5
2019-03-15 05:20:00  111.666          NaN  False  False       2
2019-03-15 05:30:00  111.666          NaN  False  False      13
2019-03-15 06:31:31,724 INFO     [sharpeFunctions#ExecuteSharpe 31]
                       Close  SharpeRatio    Buy   Sell  Volume
Time                                                           
2019-03-15 04:50:00  1.13047          NaN  False  False       5
2019-03-15 05:00:00  1.13032          NaN  False  False       1
2019-03-15 05:10:00  1.13018          NaN  False  False       1
2019-03-15 05:20:00  1.13016          NaN  False  False       2
2019-03-15 05:30:00  1.13034          NaN  False  False       1
2019-03-15 06:41:31,836 INFO     [sharpeFunctions#ExecuteSharpe 31]
                       Close  SharpeRatio    Buy   Sell  Volume
Time                                                           
2019-03-15 04:50:00  1.13047          NaN  False  False       5
2019-03-15 05:00:00  1.13032          NaN  False  False       1
2019-03-15 05:10:00  1.13018          NaN  False  False       1
2019-03-15 05:20:00  1.13016          NaN  False  False       2
2019-03-15 05:30:00  1.13034          NaN  False  False       1
2019-03-15 06:41:32,081 INFO     [sharpeFunctions#ExecuteSharpe 31]
                       Close  SharpeRatio    Buy   Sell  Volume
Time                                                           
2019-03-15 05:00:00  111.700          NaN  False  False       1
2019-03-15 05:10:00  111.662          NaN  False  False       5
2019-03-15 05:20:00  111.666          NaN  False  False       2
2019-03-15 05:30:00  111.666          NaN  False  False      13
2019-03-15 05:40:00  111.670          NaN  False  False       7
2019-03-15 06:51:31,871 INFO     [sharpeFunctions#ExecuteSharpe 31]
                       Close  SharpeRatio    Buy   Sell  Volume
Time                                                           
2019-03-15 05:10:00  111.662          NaN  False  False       5
2019-03-15 05:20:00  111.666          NaN  False  False       2
2019-03-15 05:30:00  111.666          NaN  False  False      13
2019-03-15 05:40:00  111.670          NaN  False  False       7
2019-03-15 05:50:00  111.658          NaN  False  False       2
2019-03-15 06:51:32,121 INFO     [sharpeFunctions#ExecuteSharpe 31]
                       Close  SharpeRatio    Buy   Sell  Volume
Time                                                           
2019-03-15 05:10:00  1.13018          NaN  False  False       1
2019-03-15 05:20:00  1.13016          NaN  False  False       2
2019-03-15 05:30:00  1.13034          NaN  False  False       1
2019-03-15 05:40:00  1.13038          NaN  False  False       1
2019-03-15 05:50:00  1.13052          NaN  False  False       8
2019-03-15 07:01:31,928 INFO     [sharpeFunctions#ExecuteSharpe 31]
                       Close  SharpeRatio    Buy   Sell  Volume
Time                                                           
2019-03-15 05:20:00  1.13016          NaN  False  False       2
2019-03-15 05:30:00  1.13034          NaN  False  False       1
2019-03-15 05:40:00  1.13038          NaN  False  False       1
2019-03-15 05:50:00  1.13052          NaN  False  False       8
2019-03-15 06:00:00  1.13046          NaN  False  False      20
2019-03-15 07:01:31,996 INFO     [sharpeFunctions#ExecuteSharpe 31]
                       Close  SharpeRatio    Buy   Sell  Volume
Time                                                           
2019-03-15 05:20:00  111.666          NaN  False  False       2
2019-03-15 05:30:00  111.666          NaN  False  False      13
2019-03-15 05:40:00  111.670          NaN  False  False       7
2019-03-15 05:50:00  111.658          NaN  False  False       2
2019-03-15 06:00:00  111.656          NaN  False  False      17
2019-03-15 07:11:32,064 INFO     [sharpeFunctions#ExecuteSharpe 31]
                       Close  SharpeRatio    Buy   Sell  Volume
Time                                                           
2019-03-15 05:20:00  1.13016          NaN  False  False       2
2019-03-15 05:30:00  1.13034          NaN  False  False       1
2019-03-15 05:40:00  1.13038          NaN  False  False       1
2019-03-15 05:50:00  1.13052          NaN  False  False       8
2019-03-15 06:00:00  1.13046          NaN  False  False      20
2019-03-15 07:11:32,084 INFO     [sharpeFunctions#ExecuteSharpe 31]
                       Close  SharpeRatio    Buy   Sell  Volume
Time                                                           
2019-03-15 05:30:00  111.666          NaN  False  False      13
2019-03-15 05:40:00  111.670          NaN  False  False       7
2019-03-15 05:50:00  111.658          NaN  False  False       2
2019-03-15 06:00:00  111.656          NaN  False  False      17
2019-03-15 06:10:00  111.665          NaN  False  False       1
2019-03-15 07:21:32,168 INFO     [sharpeFunctions#ExecuteSharpe 31]
                       Close  SharpeRatio    Buy   Sell  Volume
Time                                                           
2019-03-15 05:30:00  111.666          NaN  False  False      13
2019-03-15 05:40:00  111.670          NaN  False  False       7
2019-03-15 05:50:00  111.658          NaN  False  False       2
2019-03-15 06:00:00  111.656          NaN  False  False      17
2019-03-15 06:10:00  111.665          NaN  False  False       1
2019-03-15 07:21:32,200 INFO     [sharpeFunctions#ExecuteSharpe 31]
                       Close  SharpeRatio    Buy   Sell  Volume
Time                                                           
2019-03-15 05:40:00  1.13038          NaN  False  False       1
2019-03-15 05:50:00  1.13052          NaN  False  False       8
2019-03-15 06:00:00  1.13046          NaN  False  False      20
2019-03-15 06:10:00  1.13083          NaN  False  False       1
2019-03-15 06:20:00  1.13082          NaN  False  False       2
2019-03-15 07:31:32,214 INFO     [sharpeFunctions#ExecuteSharpe 31]
                       Close  SharpeRatio    Buy   Sell  Volume
Time                                                           
2019-03-15 05:50:00  1.13052          NaN  False  False       8
2019-03-15 06:00:00  1.13046          NaN  False  False      20
2019-03-15 06:10:00  1.13083          NaN  False  False       1
2019-03-15 06:20:00  1.13082          NaN  False  False       2
2019-03-15 06:30:00  1.13080          NaN  False  False       3
2019-03-15 07:31:32,243 INFO     [sharpeFunctions#ExecuteSharpe 31]
                       Close  SharpeRatio    Buy   Sell  Volume
Time                                                           
2019-03-15 05:50:00  111.658          NaN  False  False       2
2019-03-15 06:00:00  111.656          NaN  False  False      17
2019-03-15 06:10:00  111.665          NaN  False  False       1
2019-03-15 06:20:00  111.652          NaN  False  False       1
2019-03-15 06:30:00  111.651          NaN  False  False      10
2019-03-15 07:41:32,251 INFO     [sharpeFunctions#ExecuteSharpe 31]
                       Close  SharpeRatio    Buy   Sell  Volume
Time                                                           
2019-03-15 06:00:00  111.656          NaN  False  False      17
2019-03-15 06:10:00  111.665          NaN  False  False       1
2019-03-15 06:20:00  111.652          NaN  False  False       1
2019-03-15 06:30:00  111.651          NaN  False  False      10
2019-03-15 06:40:00  111.661          NaN  False  False      12
2019-03-15 07:41:32,485 INFO     [sharpeFunctions#ExecuteSharpe 31]
                       Close  SharpeRatio    Buy   Sell  Volume
Time                                                           
2019-03-15 06:00:00  1.13046          NaN  False  False      20
2019-03-15 06:10:00  1.13083          NaN  False  False       1
2019-03-15 06:20:00  1.13082          NaN  False  False       2
2019-03-15 06:30:00  1.13080          NaN  False  False       3
2019-03-15 06:40:00  1.13082          NaN  False  False       3
2019-03-15 07:51:32,336 INFO     [sharpeFunctions#ExecuteSharpe 31]
                       Close  SharpeRatio    Buy   Sell  Volume
Time                                                           
2019-03-15 06:10:00  1.13083          NaN  False  False       1
2019-03-15 06:20:00  1.13082          NaN  False  False       2
2019-03-15 06:30:00  1.13080          NaN  False  False       3
2019-03-15 06:40:00  1.13082          NaN  False  False       3
2019-03-15 06:50:00  1.13076          NaN  False  False       4
2019-03-15 07:51:32,339 INFO     [sharpeFunctions#ExecuteSharpe 31]
                       Close  SharpeRatio    Buy   Sell  Volume
Time                                                           
2019-03-15 06:10:00  111.665          NaN  False  False       1
2019-03-15 06:20:00  111.652          NaN  False  False       1
2019-03-15 06:30:00  111.651          NaN  False  False      10
2019-03-15 06:40:00  111.661          NaN  False  False      12
2019-03-15 06:50:00  111.676          NaN  False  False       2
2019-03-15 08:01:32,436 INFO     [sharpeFunctions#ExecuteSharpe 31]
                       Close  SharpeRatio    Buy   Sell  Volume
Time                                                           
2019-03-15 06:20:00  111.652          NaN  False  False       1
2019-03-15 06:30:00  111.651          NaN  False  False      10
2019-03-15 06:40:00  111.661          NaN  False  False      12
2019-03-15 06:50:00  111.682          NaN  False  False      13
2019-03-15 07:00:00  111.696          NaN  False  False      11
2019-03-15 08:01:32,467 INFO     [sharpeFunctions#ExecuteSharpe 31]
                       Close  SharpeRatio    Buy   Sell  Volume
Time                                                           
2019-03-15 06:20:00  1.13082          NaN  False  False       2
2019-03-15 06:30:00  1.13080          NaN  False  False       3
2019-03-15 06:40:00  1.13082          NaN  False  False       3
2019-03-15 06:50:00  1.13076          NaN  False  False       4
2019-03-15 07:00:00  1.13064          NaN  False  False       3
2019-03-15 08:11:32,570 INFO     [sharpeFunctions#ExecuteSharpe 31]
                       Close  SharpeRatio    Buy   Sell  Volume
Time                                                           
2019-03-15 06:30:00  111.651          NaN  False  False      10
2019-03-15 06:40:00  111.661          NaN  False  False      12
2019-03-15 06:50:00  111.682          NaN  False  False      13
2019-03-15 07:00:00  111.696          NaN  False  False      11
2019-03-15 07:10:00  111.716          NaN  False  False       4
2019-03-15 08:11:32,611 INFO     [sharpeFunctions#ExecuteSharpe 31]
                       Close  SharpeRatio    Buy   Sell  Volume
Time                                                           
2019-03-15 06:30:00  1.13080          NaN  False  False       3
2019-03-15 06:40:00  1.13082          NaN  False  False       3
2019-03-15 06:50:00  1.13076          NaN  False  False       4
2019-03-15 07:00:00  1.13064          NaN  False  False       3
2019-03-15 07:10:00  1.13058          NaN  False  False       1
2019-03-15 08:21:32,641 INFO     [sharpeFunctions#ExecuteSharpe 31]
                       Close  SharpeRatio    Buy   Sell  Volume
Time                                                           
2019-03-15 06:40:00  111.661          NaN  False  False      12
2019-03-15 06:50:00  111.682          NaN  False  False      13
2019-03-15 07:00:00  111.696          NaN  False  False      11
2019-03-15 07:10:00  111.716          NaN  False  False       4
2019-03-15 07:20:00  111.706          NaN  False  False       3
2019-03-15 08:21:32,670 INFO     [sharpeFunctions#ExecuteSharpe 31]
                       Close  SharpeRatio    Buy   Sell  Volume
Time                                                           
2019-03-15 06:30:00  1.13080          NaN  False  False       3
2019-03-15 06:40:00  1.13082          NaN  False  False       3
2019-03-15 06:50:00  1.13076          NaN  False  False       4
2019-03-15 07:00:00  1.13064          NaN  False  False       3
2019-03-15 07:10:00  1.13058          NaN  False  False       1
2019-03-15 08:31:32,667 INFO     [sharpeFunctions#ExecuteSharpe 31]
                       Close  SharpeRatio    Buy   Sell  Volume
Time                                                           
2019-03-15 06:50:00  111.682          NaN  False  False      13
2019-03-15 07:00:00  111.696          NaN  False  False      11
2019-03-15 07:10:00  111.716          NaN  False  False       4
2019-03-15 07:20:00  111.706          NaN  False  False       3
2019-03-15 07:30:00  111.709          NaN  False  False       4
2019-03-15 08:31:32,687 INFO     [sharpeFunctions#ExecuteSharpe 31]
                       Close  SharpeRatio    Buy   Sell  Volume
Time                                                           
2019-03-15 06:50:00  1.13076          NaN  False  False       4
2019-03-15 07:00:00  1.13064          NaN  False  False       3
2019-03-15 07:10:00  1.13058          NaN  False  False       1
2019-03-15 07:20:00  1.13050          NaN  False  False       2
2019-03-15 07:30:00  1.13066          NaN  False  False       2
2019-03-15 08:41:32,741 INFO     [sharpeFunctions#ExecuteSharpe 31]
                       Close  SharpeRatio    Buy   Sell  Volume
Time                                                           
2019-03-15 07:00:00  1.13064          NaN  False  False       3
2019-03-15 07:10:00  1.13058          NaN  False  False       1
2019-03-15 07:20:00  1.13050          NaN  False  False       2
2019-03-15 07:30:00  1.13066          NaN  False  False       2
2019-03-15 07:40:00  1.13079          NaN  False  False       6
2019-03-15 08:41:32,766 INFO     [sharpeFunctions#ExecuteSharpe 31]
                       Close  SharpeRatio    Buy   Sell  Volume
Time                                                           
2019-03-15 07:00:00  111.696          NaN  False  False      11
2019-03-15 07:10:00  111.716          NaN  False  False       4
2019-03-15 07:20:00  111.706          NaN  False  False       3
2019-03-15 07:30:00  111.709          NaN  False  False       4
2019-03-15 07:40:00  111.718          NaN  False  False       5
2019-03-15 08:51:32,864 INFO     [sharpeFunctions#ExecuteSharpe 31]
                       Close  SharpeRatio    Buy   Sell  Volume
Time                                                           
2019-03-15 07:10:00  1.13058          NaN  False  False       1
2019-03-15 07:20:00  1.13050          NaN  False  False       2
2019-03-15 07:30:00  1.13066          NaN  False  False       2
2019-03-15 07:40:00  1.13079          NaN  False  False       6
2019-03-15 07:50:00  1.13086          NaN  False  False       3
2019-03-15 08:51:32,898 INFO     [sharpeFunctions#ExecuteSharpe 31]
                       Close  SharpeRatio    Buy   Sell  Volume
Time                                                           
2019-03-15 07:10:00  111.716          NaN  False  False       4
2019-03-15 07:20:00  111.706          NaN  False  False       3
2019-03-15 07:30:00  111.709          NaN  False  False       4
2019-03-15 07:40:00  111.718          NaN  False  False       5
2019-03-15 07:50:00  111.692          NaN  False  False       7
2019-03-15 09:01:32,922 INFO     [sharpeFunctions#ExecuteSharpe 31]
                       Close  SharpeRatio    Buy   Sell  Volume
Time                                                           
2019-03-15 07:20:00  1.13050          NaN  False  False       2
2019-03-15 07:30:00  1.13066          NaN  False  False       2
2019-03-15 07:40:00  1.13079          NaN  False  False       6
2019-03-15 07:50:00  1.13086          NaN  False  False       3
2019-03-15 08:00:00  1.13071          NaN  False  False       8
2019-03-15 09:01:32,966 INFO     [sharpeFunctions#ExecuteSharpe 31]
                       Close  SharpeRatio    Buy   Sell  Volume
Time                                                           
2019-03-15 07:20:00  111.706          NaN  False  False       3
2019-03-15 07:30:00  111.709          NaN  False  False       4
2019-03-15 07:40:00  111.718          NaN  False  False       5
2019-03-15 07:50:00  111.692          NaN  False  False       7
2019-03-15 08:00:00  111.794          NaN  False  False      40
2019-03-15 09:11:32,979 INFO     [sharpeFunctions#ExecuteSharpe 31]
                       Close  SharpeRatio    Buy   Sell  Volume
Time                                                           
2019-03-15 07:30:00  111.709          NaN  False  False       4
2019-03-15 07:40:00  111.718          NaN  False  False       5
2019-03-15 07:50:00  111.692          NaN  False  False       7
2019-03-15 08:00:00  111.794          NaN  False  False      40
2019-03-15 08:10:00  111.794          NaN  False  False      12
2019-03-15 09:11:33,018 INFO     [sharpeFunctions#ExecuteSharpe 31]
                       Close  SharpeRatio    Buy   Sell  Volume
Time                                                           
2019-03-15 07:30:00  1.13066          NaN  False  False       2
2019-03-15 07:40:00  1.13079          NaN  False  False       6
2019-03-15 07:50:00  1.13086          NaN  False  False       3
2019-03-15 08:00:00  1.13071          NaN  False  False       8
2019-03-15 08:10:00  1.13078          NaN  False  False       2
2019-03-15 09:21:33,082 INFO     [sharpeFunctions#ExecuteSharpe 31]
                       Close  SharpeRatio    Buy   Sell  Volume
Time                                                           
2019-03-15 07:40:00  1.13079          NaN  False  False       6
2019-03-15 07:50:00  1.13086          NaN  False  False       3
2019-03-15 08:00:00  1.13071          NaN  False  False       8
2019-03-15 08:10:00  1.13078          NaN  False  False       2
2019-03-15 08:20:00  1.13076          NaN  False  False       4
2019-03-15 09:21:33,115 INFO     [sharpeFunctions#ExecuteSharpe 31]
                       Close  SharpeRatio    Buy   Sell  Volume
Time                                                           
2019-03-15 07:40:00  111.718          NaN  False  False       5
2019-03-15 07:50:00  111.692          NaN  False  False       7
2019-03-15 08:00:00  111.794          NaN  False  False      40
2019-03-15 08:10:00  111.794          NaN  False  False      12
2019-03-15 08:20:00  111.790          NaN  False  False       5
2019-03-15 09:31:33,096 INFO     [sharpeFunctions#ExecuteSharpe 31]
                       Close  SharpeRatio    Buy   Sell  Volume
Time                                                           
2019-03-15 07:50:00  111.692          NaN  False  False       7
2019-03-15 08:00:00  111.794          NaN  False  False      40
2019-03-15 08:10:00  111.794          NaN  False  False      12
2019-03-15 08:20:00  111.790          NaN  False  False       5
2019-03-15 08:30:00  111.784          NaN  False  False       5
2019-03-15 09:31:33,127 INFO     [sharpeFunctions#ExecuteSharpe 31]
                       Close  SharpeRatio    Buy   Sell  Volume
Time                                                           
2019-03-15 07:50:00  1.13086          NaN  False  False       3
2019-03-15 08:00:00  1.13071          NaN  False  False       8
2019-03-15 08:10:00  1.13078          NaN  False  False       2
2019-03-15 08:20:00  1.13076          NaN  False  False       4
2019-03-15 08:30:00  1.13064          NaN  False  False       2
2019-03-15 09:41:33,205 INFO     [sharpeFunctions#ExecuteSharpe 31]
                       Close  SharpeRatio    Buy   Sell  Volume
Time                                                           
2019-03-15 08:00:00  111.794          NaN  False  False      40
2019-03-15 08:10:00  111.794          NaN  False  False      12
2019-03-15 08:20:00  111.790          NaN  False  False       5
2019-03-15 08:30:00  111.784          NaN  False  False       5
2019-03-15 08:40:00  111.833          NaN  False  False      22
2019-03-15 09:41:33,230 INFO     [sharpeFunctions#ExecuteSharpe 31]
                       Close  SharpeRatio    Buy   Sell  Volume
Time                                                           
2019-03-15 08:00:00  1.13071          NaN  False  False       8
2019-03-15 08:10:00  1.13078          NaN  False  False       2
2019-03-15 08:20:00  1.13076          NaN  False  False       4
2019-03-15 08:30:00  1.13064          NaN  False  False       2
2019-03-15 08:40:00  1.13048          NaN  False  False       3
